mode: set
github.com/NguyenMinhKhanhBK/simple_bank/db/sqlc/account.sql.go:28.96,39.2 4 1
github.com/NguyenMinhKhanhBK/simple_bank/db/sqlc/account.sql.go:46.70,49.2 2 1
github.com/NguyenMinhKhanhBK/simple_bank/db/sqlc/account.sql.go:56.78,67.2 4 1
github.com/NguyenMinhKhanhBK/simple_bank/db/sqlc/account.sql.go:81.96,83.16 2 1
github.com/NguyenMinhKhanhBK/simple_bank/db/sqlc/account.sql.go:86.2,88.18 3 1
github.com/NguyenMinhKhanhBK/simple_bank/db/sqlc/account.sql.go:101.2,101.37 1 1
github.com/NguyenMinhKhanhBK/simple_bank/db/sqlc/account.sql.go:104.2,104.35 1 1
github.com/NguyenMinhKhanhBK/simple_bank/db/sqlc/account.sql.go:107.2,107.19 1 1
github.com/NguyenMinhKhanhBK/simple_bank/db/sqlc/account.sql.go:83.16,85.3 1 0
github.com/NguyenMinhKhanhBK/simple_bank/db/sqlc/account.sql.go:88.18,96.17 2 1
github.com/NguyenMinhKhanhBK/simple_bank/db/sqlc/account.sql.go:99.3,99.27 1 1
github.com/NguyenMinhKhanhBK/simple_bank/db/sqlc/account.sql.go:96.17,98.4 1 0
github.com/NguyenMinhKhanhBK/simple_bank/db/sqlc/account.sql.go:101.37,103.3 1 0
github.com/NguyenMinhKhanhBK/simple_bank/db/sqlc/account.sql.go:104.35,106.3 1 0
github.com/NguyenMinhKhanhBK/simple_bank/db/sqlc/account.sql.go:122.96,133.2 4 1
github.com/NguyenMinhKhanhBK/simple_bank/db/sqlc/db.go:19.28,21.2 1 1
github.com/NguyenMinhKhanhBK/simple_bank/db/sqlc/db.go:27.47,31.2 1 0
github.com/NguyenMinhKhanhBK/simple_bank/db/sqlc/entry.sql.go:26.90,36.2 4 1
github.com/NguyenMinhKhanhBK/simple_bank/db/sqlc/entry.sql.go:43.74,53.2 4 1
github.com/NguyenMinhKhanhBK/simple_bank/db/sqlc/entry.sql.go:69.92,71.16 2 0
github.com/NguyenMinhKhanhBK/simple_bank/db/sqlc/entry.sql.go:74.2,76.18 3 0
github.com/NguyenMinhKhanhBK/simple_bank/db/sqlc/entry.sql.go:88.2,88.37 1 0
github.com/NguyenMinhKhanhBK/simple_bank/db/sqlc/entry.sql.go:91.2,91.35 1 0
github.com/NguyenMinhKhanhBK/simple_bank/db/sqlc/entry.sql.go:94.2,94.19 1 0
github.com/NguyenMinhKhanhBK/simple_bank/db/sqlc/entry.sql.go:71.16,73.3 1 0
github.com/NguyenMinhKhanhBK/simple_bank/db/sqlc/entry.sql.go:76.18,83.17 2 0
github.com/NguyenMinhKhanhBK/simple_bank/db/sqlc/entry.sql.go:86.3,86.27 1 0
github.com/NguyenMinhKhanhBK/simple_bank/db/sqlc/entry.sql.go:83.17,85.4 1 0
github.com/NguyenMinhKhanhBK/simple_bank/db/sqlc/entry.sql.go:88.37,90.3 1 0
github.com/NguyenMinhKhanhBK/simple_bank/db/sqlc/entry.sql.go:91.35,93.3 1 0
github.com/NguyenMinhKhanhBK/simple_bank/db/sqlc/store.go:14.37,15.18 1 1
github.com/NguyenMinhKhanhBK/simple_bank/db/sqlc/store.go:19.2,22.3 1 1
github.com/NguyenMinhKhanhBK/simple_bank/db/sqlc/store.go:15.18,17.3 1 0
github.com/NguyenMinhKhanhBK/simple_bank/db/sqlc/store.go:25.76,27.16 2 1
github.com/NguyenMinhKhanhBK/simple_bank/db/sqlc/store.go:31.2,33.16 3 1
github.com/NguyenMinhKhanhBK/simple_bank/db/sqlc/store.go:37.2,37.42 1 0
github.com/NguyenMinhKhanhBK/simple_bank/db/sqlc/store.go:41.2,41.12 1 0
github.com/NguyenMinhKhanhBK/simple_bank/db/sqlc/store.go:27.16,29.3 1 0
github.com/NguyenMinhKhanhBK/simple_bank/db/sqlc/store.go:33.16,35.3 1 1
github.com/NguyenMinhKhanhBK/simple_bank/db/sqlc/store.go:37.42,39.3 1 0
github.com/NguyenMinhKhanhBK/simple_bank/db/sqlc/store.go:58.97,61.46 2 1
github.com/NguyenMinhKhanhBK/simple_bank/db/sqlc/store.go:92.2,92.20 1 1
github.com/NguyenMinhKhanhBK/simple_bank/db/sqlc/store.go:61.46,69.17 3 1
github.com/NguyenMinhKhanhBK/simple_bank/db/sqlc/store.go:73.3,77.17 2 1
github.com/NguyenMinhKhanhBK/simple_bank/db/sqlc/store.go:81.3,85.17 2 1
github.com/NguyenMinhKhanhBK/simple_bank/db/sqlc/store.go:89.3,89.13 1 1
github.com/NguyenMinhKhanhBK/simple_bank/db/sqlc/store.go:69.17,71.4 1 0
github.com/NguyenMinhKhanhBK/simple_bank/db/sqlc/store.go:77.17,79.4 1 0
github.com/NguyenMinhKhanhBK/simple_bank/db/sqlc/store.go:85.17,87.4 1 0
github.com/NguyenMinhKhanhBK/simple_bank/db/sqlc/transfer.sql.go:28.99,39.2 4 1
github.com/NguyenMinhKhanhBK/simple_bank/db/sqlc/transfer.sql.go:46.80,57.2 4 1
github.com/NguyenMinhKhanhBK/simple_bank/db/sqlc/transfer.sql.go:76.99,83.16 2 0
github.com/NguyenMinhKhanhBK/simple_bank/db/sqlc/transfer.sql.go:86.2,88.18 3 0
github.com/NguyenMinhKhanhBK/simple_bank/db/sqlc/transfer.sql.go:101.2,101.37 1 0
github.com/NguyenMinhKhanhBK/simple_bank/db/sqlc/transfer.sql.go:104.2,104.35 1 0
github.com/NguyenMinhKhanhBK/simple_bank/db/sqlc/transfer.sql.go:107.2,107.19 1 0
github.com/NguyenMinhKhanhBK/simple_bank/db/sqlc/transfer.sql.go:83.16,85.3 1 0
github.com/NguyenMinhKhanhBK/simple_bank/db/sqlc/transfer.sql.go:88.18,96.17 2 0
github.com/NguyenMinhKhanhBK/simple_bank/db/sqlc/transfer.sql.go:99.3,99.27 1 0
github.com/NguyenMinhKhanhBK/simple_bank/db/sqlc/transfer.sql.go:96.17,98.4 1 0
github.com/NguyenMinhKhanhBK/simple_bank/db/sqlc/transfer.sql.go:101.37,103.3 1 0
github.com/NguyenMinhKhanhBK/simple_bank/db/sqlc/transfer.sql.go:104.35,106.3 1 0
