mode: set
github.com/NguyenMinhKhanhBK/simple_bank/db/sqlc/transfer.sql.go:28.99,39.2 4 1
github.com/NguyenMinhKhanhBK/simple_bank/db/sqlc/transfer.sql.go:46.80,57.2 4 1
github.com/NguyenMinhKhanhBK/simple_bank/db/sqlc/transfer.sql.go:76.99,83.16 2 0
github.com/NguyenMinhKhanhBK/simple_bank/db/sqlc/transfer.sql.go:86.2,88.18 3 0
github.com/NguyenMinhKhanhBK/simple_bank/db/sqlc/transfer.sql.go:101.2,101.37 1 0
github.com/NguyenMinhKhanhBK/simple_bank/db/sqlc/transfer.sql.go:104.2,104.35 1 0
github.com/NguyenMinhKhanhBK/simple_bank/db/sqlc/transfer.sql.go:107.2,107.19 1 0
github.com/NguyenMinhKhanhBK/simple_bank/db/sqlc/transfer.sql.go:83.16,85.3 1 0
github.com/NguyenMinhKhanhBK/simple_bank/db/sqlc/transfer.sql.go:88.18,96.17 2 0
github.com/NguyenMinhKhanhBK/simple_bank/db/sqlc/transfer.sql.go:99.3,99.27 1 0
github.com/NguyenMinhKhanhBK/simple_bank/db/sqlc/transfer.sql.go:96.17,98.4 1 0
github.com/NguyenMinhKhanhBK/simple_bank/db/sqlc/transfer.sql.go:101.37,103.3 1 0
github.com/NguyenMinhKhanhBK/simple_bank/db/sqlc/transfer.sql.go:104.35,106.3 1 0
github.com/NguyenMinhKhanhBK/simple_bank/db/sqlc/account.sql.go:24.104,35.2 4 1
github.com/NguyenMinhKhanhBK/simple_bank/db/sqlc/account.sql.go:53.96,64.2 4 1
github.com/NguyenMinhKhanhBK/simple_bank/db/sqlc/account.sql.go:71.70,74.2 2 1
github.com/NguyenMinhKhanhBK/simple_bank/db/sqlc/account.sql.go:81.78,92.2 4 1
github.com/NguyenMinhKhanhBK/simple_bank/db/sqlc/account.sql.go:100.87,111.2 4 0
github.com/NguyenMinhKhanhBK/simple_bank/db/sqlc/account.sql.go:125.96,127.16 2 1
github.com/NguyenMinhKhanhBK/simple_bank/db/sqlc/account.sql.go:130.2,132.18 3 1
github.com/NguyenMinhKhanhBK/simple_bank/db/sqlc/account.sql.go:145.2,145.37 1 1
github.com/NguyenMinhKhanhBK/simple_bank/db/sqlc/account.sql.go:148.2,148.35 1 1
github.com/NguyenMinhKhanhBK/simple_bank/db/sqlc/account.sql.go:151.2,151.19 1 1
github.com/NguyenMinhKhanhBK/simple_bank/db/sqlc/account.sql.go:127.16,129.3 1 0
github.com/NguyenMinhKhanhBK/simple_bank/db/sqlc/account.sql.go:132.18,140.17 2 1
github.com/NguyenMinhKhanhBK/simple_bank/db/sqlc/account.sql.go:143.3,143.27 1 1
github.com/NguyenMinhKhanhBK/simple_bank/db/sqlc/account.sql.go:140.17,142.4 1 0
github.com/NguyenMinhKhanhBK/simple_bank/db/sqlc/account.sql.go:145.37,147.3 1 0
github.com/NguyenMinhKhanhBK/simple_bank/db/sqlc/account.sql.go:148.35,150.3 1 0
github.com/NguyenMinhKhanhBK/simple_bank/db/sqlc/account.sql.go:166.96,177.2 4 1
github.com/NguyenMinhKhanhBK/simple_bank/db/sqlc/db.go:19.28,21.2 1 1
github.com/NguyenMinhKhanhBK/simple_bank/db/sqlc/db.go:27.47,31.2 1 0
github.com/NguyenMinhKhanhBK/simple_bank/db/sqlc/entry.sql.go:26.90,36.2 4 1
github.com/NguyenMinhKhanhBK/simple_bank/db/sqlc/entry.sql.go:43.74,53.2 4 1
github.com/NguyenMinhKhanhBK/simple_bank/db/sqlc/entry.sql.go:69.92,71.16 2 0
github.com/NguyenMinhKhanhBK/simple_bank/db/sqlc/entry.sql.go:74.2,76.18 3 0
github.com/NguyenMinhKhanhBK/simple_bank/db/sqlc/entry.sql.go:88.2,88.37 1 0
github.com/NguyenMinhKhanhBK/simple_bank/db/sqlc/entry.sql.go:91.2,91.35 1 0
github.com/NguyenMinhKhanhBK/simple_bank/db/sqlc/entry.sql.go:94.2,94.19 1 0
github.com/NguyenMinhKhanhBK/simple_bank/db/sqlc/entry.sql.go:71.16,73.3 1 0
github.com/NguyenMinhKhanhBK/simple_bank/db/sqlc/entry.sql.go:76.18,83.17 2 0
github.com/NguyenMinhKhanhBK/simple_bank/db/sqlc/entry.sql.go:86.3,86.27 1 0
github.com/NguyenMinhKhanhBK/simple_bank/db/sqlc/entry.sql.go:83.17,85.4 1 0
github.com/NguyenMinhKhanhBK/simple_bank/db/sqlc/entry.sql.go:88.37,90.3 1 0
github.com/NguyenMinhKhanhBK/simple_bank/db/sqlc/entry.sql.go:91.35,93.3 1 0
github.com/NguyenMinhKhanhBK/simple_bank/db/sqlc/store.go:18.37,19.18 1 1
github.com/NguyenMinhKhanhBK/simple_bank/db/sqlc/store.go:23.2,26.3 1 1
github.com/NguyenMinhKhanhBK/simple_bank/db/sqlc/store.go:19.18,21.3 1 0
github.com/NguyenMinhKhanhBK/simple_bank/db/sqlc/store.go:29.76,31.16 2 1
github.com/NguyenMinhKhanhBK/simple_bank/db/sqlc/store.go:35.2,37.16 3 1
github.com/NguyenMinhKhanhBK/simple_bank/db/sqlc/store.go:41.2,41.42 1 0
github.com/NguyenMinhKhanhBK/simple_bank/db/sqlc/store.go:45.2,45.12 1 0
github.com/NguyenMinhKhanhBK/simple_bank/db/sqlc/store.go:31.16,33.3 1 0
github.com/NguyenMinhKhanhBK/simple_bank/db/sqlc/store.go:37.16,39.3 1 1
github.com/NguyenMinhKhanhBK/simple_bank/db/sqlc/store.go:41.42,43.3 1 0
github.com/NguyenMinhKhanhBK/simple_bank/db/sqlc/store.go:62.97,65.46 2 1
github.com/NguyenMinhKhanhBK/simple_bank/db/sqlc/store.go:107.2,107.20 1 1
github.com/NguyenMinhKhanhBK/simple_bank/db/sqlc/store.go:65.46,76.17 5 1
github.com/NguyenMinhKhanhBK/simple_bank/db/sqlc/store.go:80.3,85.17 3 1
github.com/NguyenMinhKhanhBK/simple_bank/db/sqlc/store.go:89.3,94.17 3 1
github.com/NguyenMinhKhanhBK/simple_bank/db/sqlc/store.go:98.3,98.42 1 1
github.com/NguyenMinhKhanhBK/simple_bank/db/sqlc/store.go:104.3,104.13 1 1
github.com/NguyenMinhKhanhBK/simple_bank/db/sqlc/store.go:76.17,78.4 1 0
github.com/NguyenMinhKhanhBK/simple_bank/db/sqlc/store.go:85.17,87.4 1 0
github.com/NguyenMinhKhanhBK/simple_bank/db/sqlc/store.go:94.17,96.4 1 0
github.com/NguyenMinhKhanhBK/simple_bank/db/sqlc/store.go:98.42,100.4 1 1
github.com/NguyenMinhKhanhBK/simple_bank/db/sqlc/store.go:100.9,102.4 1 1
github.com/NguyenMinhKhanhBK/simple_bank/db/sqlc/store.go:110.146,115.16 2 1
github.com/NguyenMinhKhanhBK/simple_bank/db/sqlc/store.go:119.2,124.8 2 1
github.com/NguyenMinhKhanhBK/simple_bank/db/sqlc/store.go:115.16,117.3 1 0
